#
# There is insufficient memory for the Java Runtime Environment to continue.
# Native memory allocation (malloc) failed to allocate 32744 bytes for ChunkPool::allocate
# Possible reasons:
#   The system is out of physical RAM or swap space
#   The process is running with CompressedOops enabled, and the Java Heap may be blocking the growth of the native heap
# Possible solutions:
#   Reduce memory load on the system
#   Increase physical memory or swap space
#   Check if swap backing store is full
#   Decrease Java heap size (-Xmx/-Xms)
#   Decrease number of Java threads
#   Decrease Java thread stack sizes (-Xss)
#   Set larger code cache with -XX:ReservedCodeCacheSize=
#   JVM is running with Zero Based Compressed Oops mode in which the Java heap is
#     placed in the first 32GB address space. The Java Heap base address is the
#     maximum limit for the native heap growth. Please use -XX:HeapBaseMinAddress
#     to set the Java Heap base and to place the Java Heap above 32GB virtual address.
# This output file may be truncated or incomplete.
#
#  Out of Memory Error (allocation.cpp:272), pid=22448, tid=0x00000000000054e8
#
# JRE version: OpenJDK Runtime Environment (8.0_242-b01) (build 1.8.0_242-release-1644-b01)
# Java VM: OpenJDK 64-Bit Server VM (25.242-b01 mixed mode windows-amd64 compressed oops)
# Failed to write core dump. Minidumps are not enabled by default on client versions of Windows
#

---------------  T H R E A D  ---------------

Current thread (0x0000000002ae2800):  JavaThread "main" [_thread_in_vm, id=21736, stack(0x0000000002970000,0x0000000002a70000)]

Stack: [0x0000000002970000,0x0000000002a70000]
[error occurred during error reporting (printing stack bounds), id 0xc0000005]

Native frames: (J=compiled Java code, j=interpreted, Vv=VM code, C=native code)

Java frames: (J=compiled Java code, j=interpreted, Vv=VM code)
J 547  java.lang.ClassLoader.defineClass1(Ljava/lang/String;[BIILjava/security/ProtectionDomain;Ljava/lang/String;)Ljava/lang/Class; (0 bytes) @ 0x0000000002edbcdf [0x0000000002edbc40+0x9f]
J 514 C1 java.lang.ClassLoader.defineClass(Ljava/lang/String;[BIILjava/security/ProtectionDomain;)Ljava/lang/Class; (43 bytes) @ 0x0000000002ec44ac [0x0000000002ec3ec0+0x5ec]
J 450 C1 java.net.URLClassLoader.defineClass(Ljava/lang/String;Lsun/misc/Resource;)Ljava/lang/Class; (142 bytes) @ 0x0000000002e8e60c [0x0000000002e8ca80+0x1b8c]
J 358 C1 java.net.URLClassLoader$1.run()Ljava/lang/Class; (63 bytes) @ 0x0000000002e578c4 [0x0000000002e575e0+0x2e4]
J 357 C1 java.net.URLClassLoader$1.run()Ljava/lang/Object; (5 bytes) @ 0x0000000002e4a3cc [0x0000000002e4a340+0x8c]
v  ~StubRoutines::call_stub
J 308  java.security.AccessController.doPrivileged(Ljava/security/PrivilegedExceptionAction;Ljava/security/AccessControlContext;)Ljava/lang/Object; (0 bytes) @ 0x0000000002e35966 [0x0000000002e35900+0x66]
J 1536 C2 java.lang.ClassLoader.loadClass(Ljava/lang/String;Z)Ljava/lang/Class; (122 bytes) @ 0x000000000318f908 [0x000000000318eb40+0xdc8]
J 382 C1 sun.misc.Launcher$AppClassLoader.loadClass(Ljava/lang/String;Z)Ljava/lang/Class; (85 bytes) @ 0x0000000002e66fcc [0x0000000002e66600+0x9cc]
J 381 C1 java.lang.ClassLoader.loadClass(Ljava/lang/String;)Ljava/lang/Class; (7 bytes) @ 0x0000000002e6620c [0x0000000002e66100+0x10c]
v  ~StubRoutines::call_stub
J 547  java.lang.ClassLoader.defineClass1(Ljava/lang/String;[BIILjava/security/ProtectionDomain;Ljava/lang/String;)Ljava/lang/Class; (0 bytes) @ 0x0000000002edbcdf [0x0000000002edbc40+0x9f]
J 514 C1 java.lang.ClassLoader.defineClass(Ljava/lang/String;[BIILjava/security/ProtectionDomain;)Ljava/lang/Class; (43 bytes) @ 0x0000000002ec44ac [0x0000000002ec3ec0+0x5ec]
J 450 C1 java.net.URLClassLoader.defineClass(Ljava/lang/String;Lsun/misc/Resource;)Ljava/lang/Class; (142 bytes) @ 0x0000000002e8e60c [0x0000000002e8ca80+0x1b8c]
J 358 C1 java.net.URLClassLoader$1.run()Ljava/lang/Class; (63 bytes) @ 0x0000000002e578c4 [0x0000000002e575e0+0x2e4]
J 357 C1 java.net.URLClassLoader$1.run()Ljava/lang/Object; (5 bytes) @ 0x0000000002e4a3cc [0x0000000002e4a340+0x8c]
v  ~StubRoutines::call_stub
J 308  java.security.AccessController.doPrivileged(Ljava/security/PrivilegedExceptionAction;Ljava/security/AccessControlContext;)Ljava/lang/Object; (0 bytes) @ 0x0000000002e35966 [0x0000000002e35900+0x66]
J 1536 C2 java.lang.ClassLoader.loadClass(Ljava/lang/String;Z)Ljava/lang/Class; (122 bytes) @ 0x000000000318f908 [0x000000000318eb40+0xdc8]
J 382 C1 sun.misc.Launcher$AppClassLoader.loadClass(Ljava/lang/String;Z)Ljava/lang/Class; (85 bytes) @ 0x0000000002e66fcc [0x0000000002e66600+0x9cc]
J 381 C1 java.lang.ClassLoader.loadClass(Ljava/lang/String;)Ljava/lang/Class; (7 bytes) @ 0x0000000002e6620c [0x0000000002e66100+0x10c]
v  ~StubRoutines::call_stub
j  org.jetbrains.kotlin.resolve.jvm.platform.JvmPlatformConfigurator.configureModuleComponents(Lorg/jetbrains/kotlin/container/StorageComponentContainer;)V+119
j  org.jetbrains.kotlin.frontend.di.InjectionKt.configureModule(Lorg/jetbrains/kotlin/container/StorageComponentContainer;Lorg/jetbrains/kotlin/context/ModuleContext;Lorg/jetbrains/kotlin/platform/TargetPlatform;Lorg/jetbrains/kotlin/resolve/PlatformDependentAnalyzerServices;Lorg/jetbrains/kotlin/resolve/BindingTrace;Lorg/jetbrains/kotlin/config/LanguageVersionSettings;)V+306
j  org.jetbrains.kotlin.frontend.java.di.InjectionKt$createContainerForLazyResolveWithJava$1.invoke(Lorg/jetbrains/kotlin/container/StorageComponentContainer;)V+29
j  org.jetbrains.kotlin.frontend.java.di.InjectionKt$createContainerForLazyResolveWithJava$1.invoke(Ljava/lang/Object;)Ljava/lang/Object;+5
j  org.jetbrains.kotlin.container.DslKt.composeContainer(Ljava/lang/String;Lorg/jetbrains/kotlin/container/StorageComponentContainer;Lkotlin/jvm/functions/Function1;)Lorg/jetbrains/kotlin/container/StorageComponentContainer;+24
j  org.jetbrains.kotlin.resolve.PlatformConfiguratorBaseKt.createContainer(Ljava/lang/String;Lorg/jetbrains/kotlin/resolve/PlatformDependentAnalyzerServices;Lkotlin/jvm/functions/Function1;)Lorg/jetbrains/kotlin/container/StorageComponentContainer;+29
j  org.jetbrains.kotlin.frontend.java.di.InjectionKt.createContainerForLazyResolveWithJava(Lorg/jetbrains/kotlin/platform/TargetPlatform;Lorg/jetbrains/kotlin/context/ModuleContext;Lorg/jetbrains/kotlin/resolve/BindingTrace;Lorg/jetbrains/kotlin/resolve/lazy/declarations/DeclarationProviderFactory;Lorg/jetbrains/kotlin/com/intellij/psi/search/GlobalSearchScope;Lorg/jetbrains/kotlin/load/java/lazy/ModuleClassResolver;Lorg/jetbrains/kotlin/resolve/TargetEnvironment;Lorg/jetbrains/kotlin/incremental/components/LookupTracker;Lorg/jetbrains/kotlin/incremental/components/ExpectActualTracker;Lorg/jetbrains/kotlin/load/kotlin/PackagePartProvider;Lorg/jetbrains/kotlin/config/LanguageVersionSettings;ZLkotlin/jvm/functions/Function1;Lorg/jetbrains/kotlin/load/java/JavaClassesTracker;Lorg/jetbrains/kotlin/resolve/calls/tower/ImplicitsExtensionsResolutionFilter;)Lorg/jetbrains/kotlin/container/StorageComponentContainer;+117
j  org.jetbrains.kotlin.frontend.java.di.InjectionKt.createContainerForLazyResolveWithJava$default(Lorg/jetbrains/kotlin/platform/TargetPlatform;Lorg/jetbrains/kotlin/context/ModuleContext;Lorg/jetbrains/kotlin/resolve/BindingTrace;Lorg/jetbrains/kotlin/resolve/lazy/declarations/DeclarationProviderFactory;Lorg/jetbrains/kotlin/com/intellij/psi/search/GlobalSearchScope;Lorg/jetbrains/kotlin/load/java/lazy/ModuleClassResolver;Lorg/jetbrains/kotlin/resolve/TargetEnvironment;Lorg/jetbrains/kotlin/incremental/components/LookupTracker;Lorg/jetbrains/kotlin/incremental/components/ExpectActualTracker;Lorg/jetbrains/kotlin/load/kotlin/PackagePartProvider;Lorg/jetbrains/kotlin/config/LanguageVersionSettings;ZLkotlin/jvm/functions/Function1;Lorg/jetbrains/kotlin/load/java/JavaClassesTracker;Lorg/jetbrains/kotlin/resolve/calls/tower/ImplicitsExtensionsResolutionFilter;ILjava/lang/Object;)Lorg/jetbrains/kotlin/container/StorageComponentContainer;+71
j  org.jetbrains.kotlin.cli.jvm.compiler.TopDownAnalyzerFacadeForJVM.createContainer(Lorg/jetbrains/kotlin/com/intellij/openapi/project/Project;Ljava/util/Collection;Lorg/jetbrains/kotlin/resolve/BindingTrace;Lorg/jetbrains/kotlin/config/CompilerConfiguration;Lkotlin/jvm/functions/Function1;Lkotlin/jvm/functions/Function2;Lorg/jetbrains/kotlin/resolve/TargetEnvironment;Lorg/jetbrains/kotlin/com/intellij/psi/search/GlobalSearchScope;Ljava/util/List;Lorg/jetbrains/kotlin/resolve/calls/tower/ImplicitsExtensionsResolutionFilter;)Lorg/jetbrains/kotlin/container/ComponentProvider;+612
j  org.jetbrains.kotlin.cli.jvm.compiler.TopDownAnalyzerFacadeForJVM.createContainer$default(Lorg/jetbrains/kotlin/cli/jvm/compiler/TopDownAnalyzerFacadeForJVM;Lorg/jetbrains/kotlin/com/intellij/openapi/project/Project;Ljava/util/Collection;Lorg/jetbrains/kotlin/resolve/BindingTrace;Lorg/jetbrains/kotlin/config/CompilerConfiguration;Lkotlin/jvm/functions/Function1;Lkotlin/jvm/functions/Function2;Lorg/jetbrains/kotlin/resolve/TargetEnvironment;Lorg/jetbrains/kotlin/com/intellij/psi/search/GlobalSearchScope;Ljava/util/List;Lorg/jetbrains/kotlin/resolve/calls/tower/ImplicitsExtensionsResolutionFilter;ILjava/lang/Object;)Lorg/jetbrains/kotlin/container/ComponentProvider;+80
j  org.jetbrains.kotlin.cli.jvm.compiler.TopDownAnalyzerFacadeForJVM.analyzeFilesWithJavaIntegration(Lorg/jetbrains/kotlin/com/intellij/openapi/project/Project;Ljava/util/Collection;Lorg/jetbrains/kotlin/resolve/BindingTrace;Lorg/jetbrains/kotlin/config/CompilerConfiguration;Lkotlin/jvm/functions/Function1;Lkotlin/jvm/functions/Function2;Lorg/jetbrains/kotlin/com/intellij/psi/search/GlobalSearchScope;Ljava/util/List;)Lorg/jetbrains/kotlin/analyzer/AnalysisResult;+78
j  org.jetbrains.kotlin.cli.jvm.compiler.TopDownAnalyzerFacadeForJVM.analyzeFilesWithJavaIntegration$default(Lorg/jetbrains/kotlin/com/intellij/openapi/project/Project;Ljava/util/Collection;Lorg/jetbrains/kotlin/resolve/BindingTrace;Lorg/jetbrains/kotlin/config/CompilerConfiguration;Lkotlin/jvm/functions/Function1;Lkotlin/jvm/functions/Function2;Lorg/jetbrains/kotlin/com/intellij/psi/search/GlobalSearchScope;Ljava/util/List;ILjava/lang/Object;)Lorg/jetbrains/kotlin/analyzer/AnalysisResult;+60
j  org.jetbrains.kotlin.cli.jvm.compiler.KotlinToJVMBytecodeCompiler$analyze$1.invoke()Lorg/jetbrains/kotlin/analyzer/AnalysisResult;+284
j  org.jetbrains.kotlin.cli.jvm.compiler.KotlinToJVMBytecodeCompiler$analyze$1.invoke()Ljava/lang/Object;+1
j  org.jetbrains.kotlin.cli.common.messages.AnalyzerWithCompilerReport.analyzeAndReport(Ljava/util/Collection;Lkotlin/jvm/functions/Function0;)V+16
j  org.jetbrains.kotlin.cli.jvm.compiler.KotlinToJVMBytecodeCompiler.analyze(Lorg/jetbrains/kotlin/cli/jvm/compiler/KotlinCoreEnvironment;Ljava/lang/String;)Lorg/jetbrains/kotlin/analyzer/AnalysisResult;+157
j  org.jetbrains.kotlin.cli.jvm.compiler.KotlinToJVMBytecodeCompiler.compileModules$cli(Lorg/jetbrains/kotlin/cli/jvm/compiler/KotlinCoreEnvironment;Ljava/io/File;Ljava/util/List;)Z+208
j  org.jetbrains.kotlin.cli.jvm.K2JVMCompiler.doExecute(Lorg/jetbrains/kotlin/cli/common/arguments/K2JVMCompilerArguments;Lorg/jetbrains/kotlin/config/CompilerConfiguration;Lorg/jetbrains/kotlin/com/intellij/openapi/Disposable;Lorg/jetbrains/kotlin/utils/KotlinPaths;)Lorg/jetbrains/kotlin/cli/common/ExitCode;+1028
j  org.jetbrains.kotlin.cli.jvm.K2JVMCompiler.doExecute(Lorg/jetbrains/kotlin/cli/common/arguments/CommonCompilerArguments;Lorg/jetbrains/kotlin/config/CompilerConfiguration;Lorg/jetbrains/kotlin/com/intellij/openapi/Disposable;Lorg/jetbrains/kotlin/utils/KotlinPaths;)Lorg/jetbrains/kotlin/cli/common/ExitCode;+9
j  org.jetbrains.kotlin.cli.common.CLICompiler.execImpl(Lorg/jetbrains/kotlin/cli/common/messages/MessageCollector;Lorg/jetbrains/kotlin/config/Services;Lorg/jetbrains/kotlin/cli/common/arguments/CommonCompilerArguments;)Lorg/jetbrains/kotlin/cli/common/ExitCode;+191
j  org.jetbrains.kotlin.cli.common.CLICompiler.execImpl(Lorg/jetbrains/kotlin/cli/common/messages/MessageCollector;Lorg/jetbrains/kotlin/config/Services;Lorg/jetbrains/kotlin/cli/common/arguments/CommonToolArguments;)Lorg/jetbrains/kotlin/cli/common/ExitCode;+7
j  org.jetbrains.kotlin.cli.common.CLITool.exec(Lorg/jetbrains/kotlin/cli/common/messages/MessageCollector;Lorg/jetbrains/kotlin/config/Services;Lorg/jetbrains/kotlin/cli/common/arguments/CommonToolArguments;)Lorg/jetbrains/kotlin/cli/common/ExitCode;+76
j  org.jetbrains.kotlin.cli.common.CLITool.exec(Ljava/io/PrintStream;Lorg/jetbrains/kotlin/config/Services;Lorg/jetbrains/kotlin/cli/common/messages/MessageRenderer;[Ljava/lang/String;)Lorg/jetbrains/kotlin/cli/common/ExitCode;+209
j  org.jetbrains.kotlin.cli.common.CLITool.exec(Ljava/io/PrintStream;Lorg/jetbrains/kotlin/cli/common/messages/MessageRenderer;[Ljava/lang/String;)Lorg/jetbrains/kotlin/cli/common/ExitCode;+25
j  org.jetbrains.kotlin.cli.common.CLITool$Companion.doMainNoExit(Lorg/jetbrains/kotlin/cli/common/CLITool;[Ljava/lang/String;Lorg/jetbrains/kotlin/cli/common/messages/MessageRenderer;)Lorg/jetbrains/kotlin/cli/common/ExitCode;+39
j  org.jetbrains.kotlin.cli.common.CLITool$Companion.doMainNoExit$default(Lorg/jetbrains/kotlin/cli/common/CLITool$Companion;Lorg/jetbrains/kotlin/cli/common/CLITool;[Ljava/lang/String;Lorg/jetbrains/kotlin/cli/common/messages/MessageRenderer;ILjava/lang/Object;)Lorg/jetbrains/kotlin/cli/common/ExitCode;+16
j  org.jetbrains.kotlin.cli.common.CLITool$Companion.doMain(Lorg/jetbrains/kotlin/cli/common/CLITool;[Ljava/lang/String;)V+56
j  org.jetbrains.kotlin.cli.jvm.K2JVMCompiler$Companion.main([Ljava/lang/String;)V+20
j  org.jetbrains.kotlin.cli.jvm.K2JVMCompiler.main([Ljava/lang/String;)V+4
v  ~StubRoutines::call_stub

---------------  P R O C E S S  ---------------

Java Threads: ( => current thread )
  0x000000001dca3000 JavaThread "Service Thread" daemon [_thread_blocked, id=28072, stack(0x000000001e040000,0x000000001e140000)]
  0x000000001c2ef800 JavaThread "C1 CompilerThread2" daemon [_thread_blocked, id=15336, stack(0x000000001db40000,0x000000001dc40000)]
  0x000000001c2ea800 JavaThread "C2 CompilerThread1" daemon [_thread_in_native, id=32932, stack(0x000000001da40000,0x000000001db40000)]
  0x000000001c2e8800 JavaThread "C2 CompilerThread0" daemon [_thread_in_native, id=29756, stack(0x000000001d940000,0x000000001da40000)]
  0x000000001c2e5800 JavaThread "Attach Listener" daemon [_thread_blocked, id=21148, stack(0x000000001d840000,0x000000001d940000)]
  0x000000001c2e4800 JavaThread "Signal Dispatcher" daemon [_thread_blocked, id=30388, stack(0x000000001d740000,0x000000001d840000)]
  0x0000000002bde000 JavaThread "Finalizer" daemon [_thread_blocked, id=25924, stack(0x000000001d540000,0x000000001d640000)]
  0x000000001c2c9000 JavaThread "Reference Handler" daemon [_thread_blocked, id=31648, stack(0x000000001d440000,0x000000001d540000)]
=>0x0000000002ae2800 JavaThread "main" [_thread_in_vm, id=21736, stack(0x0000000002970000,0x0000000002a70000)]

Other Threads:
  0x000000001c2a6800 VMThread [stack: 0x000000001d340000,0x000000001d440000] [id=26472]
  0x000000001dca4000 WatcherThread [stack: 0x000000001e140000,0x000000001e240000] [id=18748]

VM state:not at safepoint (normal execution)

VM Mutex/Monitor currently owned by a thread: None

heap address: 0x00000006c0e00000, size: 4082 MB, Compressed Oops mode: Zero based, Oop shift amount: 3
Narrow klass base: 0x0000000000000000, Narrow klass shift: 3
Compressed class space size: 1073741824 Address: 0x00000007c0000000

Heap:
 PSYoungGen      total 76288K, used 50419K [0x000000076af80000, 0x0000000770480000, 0x00000007c0000000)
  eden space 65536K, 76% used [0x000000076af80000,0x000000076e0bce88,0x000000076ef80000)
  from space 10752K, 0% used [0x000000076fa00000,0x000000076fa00000,0x0000000770480000)
  to   space 10752K, 0% used [0x000000076ef80000,0x000000076ef80000,0x000000076fa00000)
 ParOldGen       total 112640K, used 9318K [0x00000006c0e00000, 0x00000006c7c00000, 0x000000076af80000)
  object space 112640K, 8% used [0x00000006c0e00000,0x00000006c1719b40,0x00000006c7c00000)
 Metaspace       used 26513K, capacity 26917K, committed 27136K, reserved 1073152K
  class space    used 3147K, capacity 3274K, committed 3328K, reserved 1048576K

Card table byte_map: [0x0000000012050000,0x0000000012850000] byte_map_base: 0x000000000ea49000

Marking Bits: (ParMarkBitMap*) 0x00000000617ef030
 Begin Bits: [0x00000000131b0000, 0x0000000017178000)
 End Bits:   [0x0000000017178000, 0x000000001b140000)

Polling page: 0x0000000000c90000

CodeCache: size=245760Kb used=6638Kb max_used=6638Kb free=239121Kb
 bounds [0x0000000002c90000, 0x0000000003320000, 0x0000000011c90000]
 total_blobs=2535 nmethods=2108 adapters=340
 compilation: enabled

Compilation events (10 events):
Event: 1.961 Thread 0x000000001c2ef800 2114   !   2       sun.reflect.generics.parser.SignatureParser::current (40 bytes)
Event: 1.961 Thread 0x000000001c2ef800 nmethod 2114 0x000000000330c310 code [0x000000000330c460, 0x000000000330c610]
Event: 1.961 Thread 0x000000001c2ef800 2113       3       java.lang.Class::annotationData (44 bytes)
Event: 1.961 Thread 0x000000001c2ef800 nmethod 2113 0x000000000330c750 code [0x000000000330c8e0, 0x000000000330cc48]
Event: 1.961 Thread 0x000000001c2ef800 2115       3       sun.reflect.annotation.AnnotationInvocationHandler::invoke (277 bytes)
Event: 1.962 Thread 0x000000001c2ef800 nmethod 2115 0x000000000330cd90 code [0x000000000330d080, 0x000000000330e6b8]
Event: 1.962 Thread 0x000000001c2ef800 2116       3       kotlin.collections.CollectionsKt___CollectionsKt::single (74 bytes)
Event: 1.962 Thread 0x000000001c2ef800 nmethod 2116 0x000000000330f050 code [0x000000000330f280, 0x000000000330fc18]
Event: 1.962 Thread 0x000000001c2ef800 2117       3       kotlin.collections.EmptyList::iterator (7 bytes)
Event: 1.963 Thread 0x000000001c2ef800 nmethod 2117 0x00000000033100d0 code [0x0000000003310220, 0x0000000003310370]

GC Heap History (6 events):
Event: 0.912 GC heap before
{Heap before GC invocations=1 (full 0):
 PSYoungGen      total 76288K, used 65536K [0x000000076af80000, 0x0000000770480000, 0x00000007c0000000)
  eden space 65536K, 100% used [0x000000076af80000,0x000000076ef80000,0x000000076ef80000)
  from space 10752K, 0% used [0x000000076fa00000,0x000000076fa00000,0x0000000770480000)
  to   space 10752K, 0% used [0x000000076ef80000,0x000000076ef80000,0x000000076fa00000)
 ParOldGen       total 175104K, used 0K [0x00000006c0e00000, 0x00000006cb900000, 0x000000076af80000)
  object space 175104K, 0% used [0x00000006c0e00000,0x00000006c0e00000,0x00000006cb900000)
 Metaspace       used 15640K, capacity 15918K, committed 16000K, reserved 1062912K
  class space    used 1790K, capacity 1905K, committed 1920K, reserved 1048576K
Event: 0.931 GC heap after
Heap after GC invocations=1 (full 0):
 PSYoungGen      total 76288K, used 10746K [0x000000076af80000, 0x0000000770480000, 0x00000007c0000000)
  eden space 65536K, 0% used [0x000000076af80000,0x000000076af80000,0x000000076ef80000)
  from space 10752K, 99% used [0x000000076ef80000,0x000000076f9fe988,0x000000076fa00000)
  to   space 10752K, 0% used [0x000000076fa00000,0x000000076fa00000,0x0000000770480000)
 ParOldGen       total 175104K, used 4487K [0x00000006c0e00000, 0x00000006cb900000, 0x000000076af80000)
  object space 175104K, 2% used [0x00000006c0e00000,0x00000006c1261cc8,0x00000006cb900000)
 Metaspace       used 15640K, capacity 15918K, committed 16000K, reserved 1062912K
  class space    used 1790K, capacity 1905K, committed 1920K, reserved 1048576K
}
Event: 1.197 GC heap before
{Heap before GC invocations=2 (full 0):
 PSYoungGen      total 76288K, used 31046K [0x000000076af80000, 0x0000000770480000, 0x00000007c0000000)
  eden space 65536K, 30% used [0x000000076af80000,0x000000076c3530b0,0x000000076ef80000)
  from space 10752K, 99% used [0x000000076ef80000,0x000000076f9fe988,0x000000076fa00000)
  to   space 10752K, 0% used [0x000000076fa00000,0x000000076fa00000,0x0000000770480000)
 ParOldGen       total 175104K, used 4487K [0x00000006c0e00000, 0x00000006cb900000, 0x000000076af80000)
  object space 175104K, 2% used [0x00000006c0e00000,0x00000006c1261cc8,0x00000006cb900000)
 Metaspace       used 20803K, capacity 21164K, committed 21248K, reserved 1069056K
  class space    used 2437K, capacity 2560K, committed 2560K, reserved 1048576K
Event: 1.205 GC heap after
Heap after GC invocations=2 (full 0):
 PSYoungGen      total 76288K, used 9595K [0x000000076af80000, 0x0000000770480000, 0x00000007c0000000)
  eden space 65536K, 0% used [0x000000076af80000,0x000000076af80000,0x000000076ef80000)
  from space 10752K, 89% used [0x000000076fa00000,0x000000077035ef08,0x0000000770480000)
  to   space 10752K, 0% used [0x000000076ef80000,0x000000076ef80000,0x000000076fa00000)
 ParOldGen       total 175104K, used 4559K [0x00000006c0e00000, 0x00000006cb900000, 0x000000076af80000)
  object space 175104K, 2% used [0x00000006c0e00000,0x00000006c1273cd8,0x00000006cb900000)
 Metaspace       used 20803K, capacity 21164K, committed 21248K, reserved 1069056K
  class space    used 2437K, capacity 2560K, committed 2560K, reserved 1048576K
}
Event: 1.205 GC heap before
{Heap before GC invocations=3 (full 1):
 PSYoungGen      total 76288K, used 9595K [0x000000076af80000, 0x0000000770480000, 0x00000007c0000000)
  eden space 65536K, 0% used [0x000000076af80000,0x000000076af80000,0x000000076ef80000)
  from space 10752K, 89% used [0x000000076fa00000,0x000000077035ef08,0x0000000770480000)
  to   space 10752K, 0% used [0x000000076ef80000,0x000000076ef80000,0x000000076fa00000)
 ParOldGen       total 175104K, used 4559K [0x00000006c0e00000, 0x00000006cb900000, 0x000000076af80000)
  object space 175104K, 2% used [0x00000006c0e00000,0x00000006c1273cd8,0x00000006cb900000)
 Metaspace       used 20803K, capacity 21164K, committed 21248K, reserved 1069056K
  class space    used 2437K, capacity 2560K, committed 2560K, reserved 1048576K
Event: 1.234 GC heap after
Heap after GC invocations=3 (full 1):
 PSYoungGen      total 76288K, used 0K [0x000000076af80000, 0x0000000770480000, 0x00000007c0000000)
  eden space 65536K, 0% used [0x000000076af80000,0x000000076af80000,0x000000076ef80000)
  from space 10752K, 0% used [0x000000076fa00000,0x000000076fa00000,0x0000000770480000)
  to   space 10752K, 0% used [0x000000076ef80000,0x000000076ef80000,0x000000076fa00000)
 ParOldGen       total 112640K, used 9318K [0x00000006c0e00000, 0x00000006c7c00000, 0x000000076af80000)
  object space 112640K, 8% used [0x00000006c0e00000,0x00000006c1719b40,0x00000006c7c00000)
 Metaspace       used 20803K, capacity 21164K, committed 21248K, reserved 1069056K
  class space    used 2437K, capacity 2560K, committed 2560K, reserved 1048576K
}

Deoptimization events (10 events):
Event: 1.645 Thread 0x0000000002ae2800 Uncommon trap: reason=unstable_if action=reinterpret pc=0x0000000003264b68 method=org.jetbrains.kotlin.protobuf.CodedInputStream.isAtEnd()Z @ 16
Event: 1.720 Thread 0x0000000002ae2800 Uncommon trap: reason=bimorphic action=maybe_recompile pc=0x00000000031edea8 method=java.util.AbstractList$Itr.hasNext()Z @ 8
Event: 1.720 Thread 0x0000000002ae2800 Uncommon trap: reason=bimorphic action=maybe_recompile pc=0x00000000031ed938 method=java.util.AbstractList$Itr.next()Ljava/lang/Object; @ 14
Event: 1.720 Thread 0x0000000002ae2800 Uncommon trap: reason=bimorphic action=maybe_recompile pc=0x00000000031edea8 method=java.util.AbstractList$Itr.hasNext()Z @ 8
Event: 1.720 Thread 0x0000000002ae2800 Uncommon trap: reason=bimorphic action=maybe_recompile pc=0x00000000031edea8 method=java.util.AbstractList$Itr.hasNext()Z @ 8
Event: 1.720 Thread 0x0000000002ae2800 Uncommon trap: reason=bimorphic action=maybe_recompile pc=0x00000000031edea8 method=java.util.AbstractList$Itr.hasNext()Z @ 8
Event: 1.720 Thread 0x0000000002ae2800 Uncommon trap: reason=bimorphic action=maybe_recompile pc=0x00000000031ed938 method=java.util.AbstractList$Itr.next()Ljava/lang/Object; @ 14
Event: 1.720 Thread 0x0000000002ae2800 Uncommon trap: reason=bimorphic action=maybe_recompile pc=0x00000000031ed938 method=java.util.AbstractList$Itr.next()Ljava/lang/Object; @ 14
Event: 1.720 Thread 0x0000000002ae2800 Uncommon trap: reason=bimorphic action=maybe_recompile pc=0x00000000031ed938 method=java.util.AbstractList$Itr.next()Ljava/lang/Object; @ 14
Event: 1.960 Thread 0x0000000002ae2800 Uncommon trap: reason=range_check action=make_not_entrant pc=0x0000000003084ca8 method=sun.reflect.generics.parser.SignatureParser.current()C @ 34

Classes redefined (0 events):
No events

Internal exceptions (10 events):
Event: 0.324 Thread 0x0000000002ae2800 Exception <a 'java/security/PrivilegedActionException'> (0x000000076c001fa8) thrown at [C:\src\AOSP-openjdk-git\hotspot\src\share\vm\prims\jvm.cpp, line 1502]
Event: 0.482 Thread 0x0000000002ae2800 Exception <a 'java/lang/ArrayIndexOutOfBoundsException'> (0x000000076cd5ff40) thrown at [C:\src\AOSP-openjdk-git\hotspot\src\share\vm\runtime\sharedRuntime.cpp, line 605]
Event: 0.608 Thread 0x0000000002ae2800 Exception <a 'java/lang/ArrayIndexOutOfBoundsException'> (0x000000076d6c7c78) thrown at [C:\src\AOSP-openjdk-git\hotspot\src\share\vm\runtime\sharedRuntime.cpp, line 605]
Event: 0.972 Thread 0x0000000002ae2800 Exception <a 'java/lang/NoSuchMethodError': java.lang.Object.lambda$comparing$77a9974f$1(Ljava/util/function/Function;Ljava/lang/Object;Ljava/lang/Object;)I> (0x000000076b2ee768) thrown at [C:\src\AOSP-openjdk-git\hotspot\src\share\vm\interpreter\linkReso
Event: 0.985 Thread 0x0000000002ae2800 Exception <a 'java/lang/NoSuchMethodError': java.lang.Object.lambda$static$0()J> (0x000000076b3f1400) thrown at [C:\src\AOSP-openjdk-git\hotspot\src\share\vm\interpreter\linkResolver.cpp, line 620]
Event: 1.091 Thread 0x0000000002ae2800 Exception <a 'java/lang/NoSuchMethodError': java.lang.Object.lambda$static$0(I)[Lorg/jetbrains/kotlin/com/intellij/openapi/editor/event/DocumentListener;> (0x000000076bb3d780) thrown at [C:\src\AOSP-openjdk-git\hotspot\src\share\vm\interpreter\linkResolve
Event: 1.116 Thread 0x0000000002ae2800 Exception <a 'java/lang/NoSuchMethodError': java.lang.Object.lambda$static$0(I)[Lorg/jetbrains/kotlin/com/intellij/psi/PsiAnnotation;> (0x000000076bd58fb8) thrown at [C:\src\AOSP-openjdk-git\hotspot\src\share\vm\interpreter\linkResolver.cpp, line 620]
Event: 1.170 Thread 0x0000000002ae2800 Exception <a 'java/lang/NoSuchMethodError': java.lang.Object.lambda$static$0(I)[Lorg/jetbrains/kotlin/com/intellij/psi/PsiElement;> (0x000000076c1b9688) thrown at [C:\src\AOSP-openjdk-git\hotspot\src\share\vm\interpreter\linkResolver.cpp, line 620]
Event: 1.960 Thread 0x0000000002ae2800 Exception <a 'java/lang/ArrayIndexOutOfBoundsException': 126> (0x000000076def4720) thrown at [C:\src\AOSP-openjdk-git\hotspot\src\share\vm\interpreter\interpreterRuntime.cpp, line 368]
Event: 1.961 Thread 0x0000000002ae2800 Exception <a 'java/lang/ArrayIndexOutOfBoundsException': 86> (0x000000076def5ba8) thrown at [C:\src\AOSP-openjdk-git\hotspot\src\share\vm\interpreter\interpreterRuntime.cpp, line 368]

Events (10 events):
Event: 1.969 loading class org/jetbrains/kotlin/resolve/jvm/checkers/InlinePlatformCompatibilityChecker
Event: 1.969 loading class org/jetbrains/kotlin/resolve/jvm/checkers/InlinePlatformCompatibilityChecker done
Event: 1.969 loading class org/jetbrains/kotlin/resolve/jvm/checkers/JvmModuleAccessibilityChecker
Event: 1.969 loading class org/jetbrains/kotlin/resolve/jvm/checkers/JvmModuleAccessibilityChecker done
Event: 1.969 loading class org/jetbrains/kotlin/resolve/jvm/checkers/JvmModuleAccessibilityChecker$ClassifierUsage
Event: 1.969 loading class org/jetbrains/kotlin/resolve/jvm/checkers/JvmModuleAccessibilityChecker$ClassifierUsage done
Event: 1.970 loading class org/jetbrains/kotlin/resolve/jvm/JvmTypeSpecificityComparatorDelegate
Event: 1.970 loading class org/jetbrains/kotlin/resolve/jvm/JvmTypeSpecificityComparatorDelegate done
Event: 1.970 loading class org/jetbrains/kotlin/resolve/jvm/JvmTypeSpecificityComparator
Event: 1.970 loading class org/jetbrains/kotlin/resolve/jvm/JvmTypeSpecificityComparator done


Dynamic libraries:
0x00007ff757550000 - 0x00007ff757581000 	C:\Program Files\Android\Android Studio\jre\jre\bin\java.exe
0x00007ffc774e0000 - 0x00007ffc776d0000 	C:\WINDOWS\SYSTEM32\ntdll.dll
0x00007ffc75ec0000 - 0x00007ffc75f72000 	C:\WINDOWS\System32\KERNEL32.DLL
0x00007ffc751c0000 - 0x00007ffc75465000 	C:\WINDOWS\System32\KERNELBASE.dll
0x00007ffc77200000 - 0x00007ffc772a3000 	C:\WINDOWS\System32\ADVAPI32.dll
0x00007ffc772b0000 - 0x00007ffc7734e000 	C:\WINDOWS\System32\msvcrt.dll
0x00007ffc77160000 - 0x00007ffc771f7000 	C:\WINDOWS\System32\sechost.dll
0x00007ffc75610000 - 0x00007ffc75730000 	C:\WINDOWS\System32\RPCRT4.dll
0x00007ffc76950000 - 0x00007ffc76ae4000 	C:\WINDOWS\System32\USER32.dll
0x00007ffc74750000 - 0x00007ffc74771000 	C:\WINDOWS\System32\win32u.dll
0x00007ffc767a0000 - 0x00007ffc767c6000 	C:\WINDOWS\System32\GDI32.dll
0x00007ffc745b0000 - 0x00007ffc74746000 	C:\WINDOWS\System32\gdi32full.dll
0x00007ffc75470000 - 0x00007ffc7550e000 	C:\WINDOWS\System32\msvcp_win.dll
0x00007ffc75010000 - 0x00007ffc7510a000 	C:\WINDOWS\System32\ucrtbase.dll
0x00007ffc5f290000 - 0x00007ffc5f514000 	C:\WINDOWS\WinSxS\amd64_microsoft.windows.common-controls_6595b64144ccf1df_6.0.18362.1198_none_9e820b57e45ad92f\COMCTL32.dll
0x00007ffc76b50000 - 0x00007ffc76e85000 	C:\WINDOWS\System32\combase.dll
0x00007ffc74f40000 - 0x00007ffc74fc0000 	C:\WINDOWS\System32\bcryptPrimitives.dll
0x00007ffc75e20000 - 0x00007ffc75e4e000 	C:\WINDOWS\System32\IMM32.DLL
0x0000000060f40000 - 0x0000000061012000 	C:\Program Files\Android\Android Studio\jre\jre\bin\msvcr100.dll
0x0000000061020000 - 0x000000006186b000 	C:\Program Files\Android\Android Studio\jre\jre\bin\server\jvm.dll
0x00007ffc767d0000 - 0x00007ffc767d8000 	C:\WINDOWS\System32\PSAPI.DLL
0x00007ffc5ce30000 - 0x00007ffc5ce39000 	C:\WINDOWS\SYSTEM32\WSOCK32.dll
0x00007ffc72440000 - 0x00007ffc72464000 	C:\WINDOWS\SYSTEM32\WINMM.dll
0x00007ffc6e260000 - 0x00007ffc6e26a000 	C:\WINDOWS\SYSTEM32\VERSION.dll
0x00007ffc76730000 - 0x00007ffc7679f000 	C:\WINDOWS\System32\WS2_32.dll
0x00007ffc72410000 - 0x00007ffc7243d000 	C:\WINDOWS\SYSTEM32\winmmbase.dll
0x00007ffc74fc0000 - 0x00007ffc7500a000 	C:\WINDOWS\System32\cfgmgr32.dll
0x00007ffc6e290000 - 0x00007ffc6e29f000 	C:\Program Files\Android\Android Studio\jre\jre\bin\verify.dll
0x00007ffc4c900000 - 0x00007ffc4c929000 	C:\Program Files\Android\Android Studio\jre\jre\bin\java.dll
0x00007ffc4cc60000 - 0x00007ffc4cc76000 	C:\Program Files\Android\Android Studio\jre\jre\bin\zip.dll
0x00007ffc75730000 - 0x00007ffc75e17000 	C:\WINDOWS\System32\SHELL32.dll
0x00007ffc75f80000 - 0x00007ffc76029000 	C:\WINDOWS\System32\shcore.dll
0x00007ffc74780000 - 0x00007ffc74f01000 	C:\WINDOWS\System32\windows.storage.dll
0x00007ffc743c0000 - 0x00007ffc743e3000 	C:\WINDOWS\System32\profapi.dll
0x00007ffc74410000 - 0x00007ffc7445a000 	C:\WINDOWS\System32\powrprof.dll
0x00007ffc74390000 - 0x00007ffc743a0000 	C:\WINDOWS\System32\UMPDC.dll
0x00007ffc755b0000 - 0x00007ffc75602000 	C:\WINDOWS\System32\shlwapi.dll
0x00007ffc743a0000 - 0x00007ffc743b1000 	C:\WINDOWS\System32\kernel.appcore.dll
0x00007ffc75510000 - 0x00007ffc75527000 	C:\WINDOWS\System32\cryptsp.dll
0x00007ffc4c550000 - 0x00007ffc4c56a000 	C:\Program Files\Android\Android Studio\jre\jre\bin\net.dll
0x00007ffc73b80000 - 0x00007ffc73be7000 	C:\WINDOWS\system32\mswsock.dll
0x00007ffc4bdc0000 - 0x00007ffc4bdd3000 	C:\Program Files\Android\Android Studio\jre\jre\bin\nio.dll

VM Arguments:
java_command: org.jetbrains.kotlin.cli.jvm.K2JVMCompiler @C:\Users\Owner\AndroidStudioProjects\Sweaty\app\build\20201116_7494601577234842171.compiler.options
java_class_path (initial): C:\Users\Owner\.gradle\caches\modules-2\files-2.1\org.jetbrains.kotlin\kotlin-compiler-embeddable\1.4.0\e5f0d669a77787ccbccd49c71b57bfd7b35faec4\kotlin-compiler-embeddable-1.4.0.jar;C:\Users\Owner\.gradle\caches\modules-2\files-2.1\org.jetbrains.kotlin\kotlin-reflect\1.4.0\aa2101a19d8688e368ae6e35e8967550ced73884\kotlin-reflect-1.4.0.jar;C:\Users\Owner\.gradle\caches\modules-2\files-2.1\org.jetbrains.kotlin\kotlin-stdlib\1.4.0\63e75298e93d4ae0b299bb869cf0c627196f8843\kotlin-stdlib-1.4.0.jar;C:\Users\Owner\.gradle\caches\modules-2\files-2.1\org.jetbrains.kotlin\kotlin-script-runtime\1.4.0\52ac54a56c9121f54fcca387c5a0f441d1af9be8\kotlin-script-runtime-1.4.0.jar;C:\Users\Owner\.gradle\caches\modules-2\files-2.1\org.jetbrains.kotlin\kotlin-daemon-embeddable\1.4.0\633873c93bba12bcf764e1cf8fb36baa5501b8ff\kotlin-daemon-embeddable-1.4.0.jar;C:\Users\Owner\.gradle\caches\modules-2\files-2.1\org.jetbrains.intellij.deps\trove4j\1.0.20181211\216c2e14b070f334479d800987affe4054cd563f\trove4j-1.0.20181211.jar;C:\Users\Owner\.gradle\caches\modules-2\files-2.1\org.jetbrains.kotlin\kotlin-stdlib-common\1.4.0\1c752cce0ead8d504ccc88a4fed6471fd83ab0dd\kotlin-stdlib-common-1.4.0.jar;C:\Users\Owner\.gradle\caches\modules-2\files-2.1\org.jetbrains\annotations\13.0\919f0dfe192fb4e063e7dacadee7f8bb9a2672a9\annotations-13.0.jar;C:\Program Files\Android\Android Studio\jre\lib\tools.jar
Launcher Type: SUN_STANDARD

Environment Variables:
PATH=C:\Program Files (x86)\Common Files\Oracle\Java\javapath;C:\Program Files (x86)\Intel\iCLS Client\;C:\Program Files\Intel\iCLS Client\;C:\ProgramData\Oracle\Java\javapath;C:\Windows\system32;C:\Windows;C:\Windows\System32\Wbem;C:\Windows\System32\WindowsPowerShell\v1.0\;C:\Program Files (x86)\ATI Technologies\ATI.ACE\Core-Static;C:\Program Files (x86)\AMD\ATI.ACE\Core-Static;C:\Program Files\Intel\Intel(R) Management Engine Components\DAL;C:\Program Files\Intel\Intel(R) Management Engine Components\IPT;C:\Program Files (x86)\Intel\Intel(R) Management Engine Components\DAL;C:\Program Files (x86)\Intel\Intel(R) Management Engine Components\IPT;C:\Program Files (x86)\NVIDIA Corporation\PhysX\Common;C:\Program Files\MATLAB\R2015b\bin;C:\WINDOWS\system32;C:\WINDOWS;C:\WINDOWS\System32\Wbem;C:\WINDOWS\System32\WindowsPowerShell\v1.0\;C:\Program Files\PuTTY\;C:\WINDOWS\System32\OpenSSH\;C:\Program Files\NVIDIA Corporation\NVIDIA NvDLISR;C:\Program Files\dotnet\;C:\Program Files\Microsoft SQL Server\130\Tools\Binn\;C:\Program Files\Microsoft SQL Server\Client SDK\ODBC\170\Tools\Binn\;C:\Program Files\nodejs\;C:\WINDOWS\system32;C:\WINDOWS;C:\WINDOWS\System32\Wbem;C:\WINDOWS\System32\WindowsPowerShell\v1.0\;C:\WINDOWS\System32\OpenSSH\;C:\Program Files\Git\cmd;C:\Program Files (x86)\Microsoft SQL Server\150\Tools\Binn\;C:\Program Files\Microsoft SQL Server\150\Tools\Binn\;C:\Program Files\Microsoft SQL Server\150\DTS\Binn\;C:\Program Files (x86)\Microsoft SQL Server\150\DTS\Binn\;C:\Users\Owner\AppData\Local\Microsoft\WindowsApps;C:\Users\Owner\AppData\Roaming\npm;
USERNAME=Owner
OS=Windows_NT
PROCESSOR_IDENTIFIER=Intel64 Family 6 Model 60 Stepping 3, GenuineIntel



---------------  S Y S T E M  ---------------

OS: Windows 10.0 , 64 bit Build 18362 (10.0.18362.1110)

CPU:total 4 (initial active 4) (4 cores per cpu, 1 threads per core) family 6 model 60 stepping 3, cmov, cx8, fxsr, mmx, sse, sse2, sse3, ssse3, sse4.1, sse4.2, popcnt, avx, avx2, aes, clmul, erms, lzcnt, tsc, tscinvbit, bmi1, bmi2

Memory: 4k page, physical 16713112k(3539080k free), swap 24905112k(1260k free)

vm_info: OpenJDK 64-Bit Server VM (25.242-b01) for windows-amd64 JRE (1.8.0_242-release-1644-b01), built by "builder" with MS VC++ 10.0 (VS2010)

time: Mon Nov 16 21:00:57 2020
timezone: Central Standard Time
elapsed time: 1 seconds (0d 0h 0m 1s)

